Wed Jul 17 23:36:51 EST 2013  [debug] AvalonLogChute initialized using file '/Users/martin/Development/Projects/fixture/target/site/cucumber/velocity.log'
Wed Jul 17 23:36:51 EST 2013  [trace] *******************************************************************
Wed Jul 17 23:36:51 EST 2013  [debug] Starting Jakarta Velocity v1.5-SNAPSHOT (compiled: 2006-07-21 06:25:35)
Wed Jul 17 23:36:51 EST 2013  [trace] RuntimeInstance initializing.
Wed Jul 17 23:36:51 EST 2013  [debug] Default Properties File: org/apache/velocity/runtime/defaults/velocity.properties
Wed Jul 17 23:36:51 EST 2013  [debug] Trying to use logger class org.apache.velocity.runtime.log.AvalonLogChute
Wed Jul 17 23:36:51 EST 2013  [debug] Using logger class org.apache.velocity.runtime.log.AvalonLogChute
Wed Jul 17 23:36:51 EST 2013  [debug] Default ResourceManager initializing. (class org.apache.velocity.runtime.resource.ResourceManagerImpl)
Wed Jul 17 23:36:51 EST 2013  [debug] ResourceLoader instantiated: org.apache.velocity.runtime.resource.loader.ClasspathResourceLoader
Wed Jul 17 23:36:51 EST 2013  [trace] ClasspathResourceLoader : initialization complete.
Wed Jul 17 23:36:51 EST 2013  [debug] ResourceCache: initialized (class org.apache.velocity.runtime.resource.ResourceCacheImpl)
Wed Jul 17 23:36:51 EST 2013  [trace] Default ResourceManager initialization complete.
Wed Jul 17 23:36:51 EST 2013  [debug] Loaded System Directive: org.apache.velocity.runtime.directive.Literal
Wed Jul 17 23:36:51 EST 2013  [debug] Loaded System Directive: org.apache.velocity.runtime.directive.Macro
Wed Jul 17 23:36:51 EST 2013  [debug] Loaded System Directive: org.apache.velocity.runtime.directive.Parse
Wed Jul 17 23:36:51 EST 2013  [debug] Loaded System Directive: org.apache.velocity.runtime.directive.Include
Wed Jul 17 23:36:51 EST 2013  [debug] Loaded System Directive: org.apache.velocity.runtime.directive.Foreach
Wed Jul 17 23:36:51 EST 2013  [debug] Created '20' parsers.
Wed Jul 17 23:36:51 EST 2013  [trace] Velocimacro : initialization starting.
Wed Jul 17 23:36:51 EST 2013  [debug] Velocimacro : "velocimacro.library" is not set.  Trying default library: VM_global_library.vm
Wed Jul 17 23:36:51 EST 2013  [debug] Velocimacro : Default library not found.
Wed Jul 17 23:36:51 EST 2013  [debug] Velocimacro : allowInline = true : VMs can be defined inline in templates
Wed Jul 17 23:36:51 EST 2013  [debug] Velocimacro : allowInlineToOverride = false : VMs defined inline may NOT replace previous VM definitions
Wed Jul 17 23:36:51 EST 2013  [debug] Velocimacro : allowInlineLocal = false : VMs defined inline will be global in scope if allowed.
Wed Jul 17 23:36:51 EST 2013  [debug] Velocimacro : autoload off : VM system will not automatically reload global library macros
Wed Jul 17 23:36:51 EST 2013  [trace] Velocimacro : initialization complete.
Wed Jul 17 23:36:51 EST 2013  [trace] RuntimeInstance successfully initialized.
Wed Jul 17 23:36:51 EST 2013  [debug] ResourceManager : found templates/tagOverview.vm with loader org.apache.velocity.runtime.resource.loader.ClasspathResourceLoader
